<?xml version="1.0" encoding="UTF-8"?>
<testsuite name="my.stduy.jpabasic.JpaBasicApplicationTests" tests="1" skipped="0" failures="0" errors="0" timestamp="2023-02-05T14:03:46" hostname="MacRoy.local" time="0.202">
  <properties/>
  <testcase name="contextLoads()" classname="my.stduy.jpabasic.JpaBasicApplicationTests" time="0.202"/>
  <system-out><![CDATA[23:03:38.205 [Test worker] DEBUG org.springframework.test.context.BootstrapUtils - Instantiating CacheAwareContextLoaderDelegate from class [org.springframework.test.context.cache.DefaultCacheAwareContextLoaderDelegate]
23:03:38.263 [Test worker] DEBUG org.springframework.test.context.BootstrapUtils - Instantiating BootstrapContext using constructor [public org.springframework.test.context.support.DefaultBootstrapContext(java.lang.Class,org.springframework.test.context.CacheAwareContextLoaderDelegate)]
23:03:38.329 [Test worker] DEBUG org.springframework.test.context.BootstrapUtils - Instantiating TestContextBootstrapper for test class [my.stduy.jpabasic.JpaBasicApplicationTests] from class [org.springframework.boot.test.context.SpringBootTestContextBootstrapper]
23:03:38.339 [Test worker] INFO org.springframework.boot.test.context.SpringBootTestContextBootstrapper - Neither @ContextConfiguration nor @ContextHierarchy found for test class [my.stduy.jpabasic.JpaBasicApplicationTests], using SpringBootContextLoader
23:03:38.345 [Test worker] DEBUG org.springframework.test.context.support.AbstractContextLoader - Did not detect default resource location for test class [my.stduy.jpabasic.JpaBasicApplicationTests]: class path resource [my/stduy/jpabasic/JpaBasicApplicationTests-context.xml] does not exist
23:03:38.346 [Test worker] DEBUG org.springframework.test.context.support.AbstractContextLoader - Did not detect default resource location for test class [my.stduy.jpabasic.JpaBasicApplicationTests]: class path resource [my/stduy/jpabasic/JpaBasicApplicationTestsContext.groovy] does not exist
23:03:38.346 [Test worker] INFO org.springframework.test.context.support.AbstractContextLoader - Could not detect default resource locations for test class [my.stduy.jpabasic.JpaBasicApplicationTests]: no resource found for suffixes {-context.xml, Context.groovy}.
23:03:38.347 [Test worker] INFO org.springframework.test.context.support.AnnotationConfigContextLoaderUtils - Could not detect default configuration classes for test class [my.stduy.jpabasic.JpaBasicApplicationTests]: JpaBasicApplicationTests does not declare any static, non-private, non-final, nested classes annotated with @Configuration.
23:03:38.417 [Test worker] DEBUG org.springframework.test.context.support.ActiveProfilesUtils - Could not find an 'annotation declaring class' for annotation type [org.springframework.test.context.ActiveProfiles] and class [my.stduy.jpabasic.JpaBasicApplicationTests]
23:03:38.500 [Test worker] DEBUG org.springframework.context.annotation.ClassPathScanningCandidateComponentProvider - Identified candidate component class: file [/Users/shchoice/NAVER MYBOX/md/git/TIL/Spring/jpa-basic/build/classes/java/main/my/stduy/jpabasic/JpaBasicApplication.class]
23:03:38.502 [Test worker] INFO org.springframework.boot.test.context.SpringBootTestContextBootstrapper - Found @SpringBootConfiguration my.stduy.jpabasic.JpaBasicApplication for test class my.stduy.jpabasic.JpaBasicApplicationTests
23:03:38.636 [Test worker] DEBUG org.springframework.boot.test.context.SpringBootTestContextBootstrapper - @TestExecutionListeners is not present for class [my.stduy.jpabasic.JpaBasicApplicationTests]: using defaults.
23:03:38.636 [Test worker] INFO org.springframework.boot.test.context.SpringBootTestContextBootstrapper - Loaded default TestExecutionListener class names from location [META-INF/spring.factories]: [org.springframework.boot.test.autoconfigure.restdocs.RestDocsTestExecutionListener, org.springframework.boot.test.autoconfigure.web.client.MockRestServiceServerResetTestExecutionListener, org.springframework.boot.test.autoconfigure.web.servlet.MockMvcPrintOnlyOnFailureTestExecutionListener, org.springframework.boot.test.autoconfigure.web.servlet.WebDriverTestExecutionListener, org.springframework.boot.test.autoconfigure.webservices.client.MockWebServiceServerTestExecutionListener, org.springframework.boot.test.mock.mockito.MockitoTestExecutionListener, org.springframework.boot.test.mock.mockito.ResetMocksTestExecutionListener, org.springframework.test.context.web.ServletTestExecutionListener, org.springframework.test.context.support.DirtiesContextBeforeModesTestExecutionListener, org.springframework.test.context.event.ApplicationEventsTestExecutionListener, org.springframework.test.context.support.DependencyInjectionTestExecutionListener, org.springframework.test.context.support.DirtiesContextTestExecutionListener, org.springframework.test.context.transaction.TransactionalTestExecutionListener, org.springframework.test.context.jdbc.SqlScriptsTestExecutionListener, org.springframework.test.context.event.EventPublishingTestExecutionListener]
23:03:38.654 [Test worker] INFO org.springframework.boot.test.context.SpringBootTestContextBootstrapper - Using TestExecutionListeners: [org.springframework.test.context.web.ServletTestExecutionListener@7957dc72, org.springframework.test.context.support.DirtiesContextBeforeModesTestExecutionListener@6ab72419, org.springframework.test.context.event.ApplicationEventsTestExecutionListener@3aacf32a, org.springframework.boot.test.mock.mockito.MockitoTestExecutionListener@4fdfa676, org.springframework.boot.test.autoconfigure.SpringBootDependencyInjectionTestExecutionListener@82c57b3, org.springframework.test.context.support.DirtiesContextTestExecutionListener@5be82d43, org.springframework.test.context.transaction.TransactionalTestExecutionListener@600b0b7, org.springframework.test.context.jdbc.SqlScriptsTestExecutionListener@345e5a17, org.springframework.test.context.event.EventPublishingTestExecutionListener@5ea502e0, org.springframework.boot.test.autoconfigure.restdocs.RestDocsTestExecutionListener@443dbe42, org.springframework.boot.test.autoconfigure.web.client.MockRestServiceServerResetTestExecutionListener@473b3b7a, org.springframework.boot.test.autoconfigure.web.servlet.MockMvcPrintOnlyOnFailureTestExecutionListener@1734f68, org.springframework.boot.test.autoconfigure.web.servlet.WebDriverTestExecutionListener@77b7ffa4, org.springframework.boot.test.autoconfigure.webservices.client.MockWebServiceServerTestExecutionListener@5ed190be, org.springframework.boot.test.mock.mockito.ResetMocksTestExecutionListener@402f80f5]
23:03:38.659 [Test worker] DEBUG org.springframework.test.context.support.AbstractDirtiesContextTestExecutionListener - Before test class: context [DefaultTestContext@c41709a testClass = JpaBasicApplicationTests, testInstance = [null], testMethod = [null], testException = [null], mergedContextConfiguration = [WebMergedContextConfiguration@7db0565c testClass = JpaBasicApplicationTests, locations = '{}', classes = '{class my.stduy.jpabasic.JpaBasicApplication}', contextInitializerClasses = '[]', activeProfiles = '{}', propertySourceLocations = '{}', propertySourceProperties = '{org.springframework.boot.test.context.SpringBootTestContextBootstrapper=true}', contextCustomizers = set[org.springframework.boot.test.autoconfigure.actuate.metrics.MetricsExportContextCustomizerFactory$DisableMetricExportContextCustomizer@5c42d2b7, org.springframework.boot.test.autoconfigure.properties.PropertyMappingContextCustomizer@0, org.springframework.boot.test.autoconfigure.web.servlet.WebDriverContextCustomizerFactory$Customizer@75b25825, org.springframework.boot.test.context.filter.ExcludeFilterContextCustomizer@57459491, org.springframework.boot.test.json.DuplicateJsonObjectContextCustomizerFactory$DuplicateJsonObjectContextCustomizer@7e22550a, org.springframework.boot.test.mock.mockito.MockitoContextCustomizer@0, org.springframework.boot.test.web.client.TestRestTemplateContextCustomizer@3b7ff809, org.springframework.boot.test.context.SpringBootTestArgs@1, org.springframework.boot.test.context.SpringBootTestWebEnvironment@6bb4dd34], resourceBasePath = 'src/main/webapp', contextLoader = 'org.springframework.boot.test.context.SpringBootContextLoader', parent = [null]], attributes = map['org.springframework.test.context.web.ServletTestExecutionListener.activateListener' -> true]], class annotated with @DirtiesContext [false] with mode [null].

  .   ____          _            __ _ _
 /\\ / ___'_ __ _ _(_)_ __  __ _ \ \ \ \
( ( )\___ | '_ | '_| | '_ \/ _` | \ \ \ \
 \\/  ___)| |_)| | | | | || (_| |  ) ) ) )
  '  |____| .__|_| |_|_| |_\__, | / / / /
 =========|_|==============|___/=/_/_/_/
 :: Spring Boot ::                (v2.7.8)

2023-02-05 23:03:39.517  INFO 22351 --- [    Test worker] m.s.jpabasic.JpaBasicApplicationTests    : Starting JpaBasicApplicationTests using Java 11.0.11 on MacRoy.local with PID 22351 (started by shchoice in /Users/shchoice/NAVER MYBOX/md/git/TIL/Spring/jpa-basic)
2023-02-05 23:03:39.520  INFO 22351 --- [    Test worker] m.s.jpabasic.JpaBasicApplicationTests    : No active profile set, falling back to 1 default profile: "default"
2023-02-05 23:03:41.648  INFO 22351 --- [    Test worker] .s.d.r.c.RepositoryConfigurationDelegate : Bootstrapping Spring Data JPA repositories in DEFAULT mode.
2023-02-05 23:03:41.673  INFO 22351 --- [    Test worker] .s.d.r.c.RepositoryConfigurationDelegate : Finished Spring Data repository scanning in 16 ms. Found 0 JPA repository interfaces.
2023-02-05 23:03:42.862  INFO 22351 --- [    Test worker] com.zaxxer.hikari.HikariDataSource       : HikariPool-1 - Starting...
2023-02-05 23:03:43.128  INFO 22351 --- [    Test worker] com.zaxxer.hikari.HikariDataSource       : HikariPool-1 - Start completed.
2023-02-05 23:03:43.327  INFO 22351 --- [    Test worker] o.hibernate.jpa.internal.util.LogHelper  : HHH000204: Processing PersistenceUnitInfo [name: default]
2023-02-05 23:03:43.387  INFO 22351 --- [    Test worker] org.hibernate.Version                    : HHH000412: Hibernate ORM core version 5.6.14.Final
2023-02-05 23:03:43.581  INFO 22351 --- [    Test worker] o.hibernate.annotations.common.Version   : HCANN000001: Hibernate Commons Annotations {5.1.2.Final}
2023-02-05 23:03:43.712  INFO 22351 --- [    Test worker] org.hibernate.dialect.Dialect            : HHH000400: Using dialect: org.hibernate.dialect.H2Dialect
2023-02-05 23:03:44.360  INFO 22351 --- [    Test worker] o.h.e.t.j.p.i.JtaPlatformInitiator       : HHH000490: Using JtaPlatform implementation: [org.hibernate.engine.transaction.jta.platform.internal.NoJtaPlatform]
2023-02-05 23:03:44.369  INFO 22351 --- [    Test worker] j.LocalContainerEntityManagerFactoryBean : Initialized JPA EntityManagerFactory for persistence unit 'default'
2023-02-05 23:03:44.969  WARN 22351 --- [    Test worker] JpaBaseConfiguration$JpaWebConfiguration : spring.jpa.open-in-view is enabled by default. Therefore, database queries may be performed during view rendering. Explicitly configure spring.jpa.open-in-view to disable this warning
2023-02-05 23:03:46.336  INFO 22351 --- [    Test worker] m.s.jpabasic.JpaBasicApplicationTests    : Started JpaBasicApplicationTests in 7.545 seconds (JVM running for 9.607)
]]></system-out>
  <system-err><![CDATA[]]></system-err>
</testsuite>
